<?xml version="1.0" encoding="UTF-8"?>
<testsuite name="models.RectangleTest" tests="3" skipped="0" failures="0" errors="0" timestamp="2017-08-02T15:41:24" hostname="Epicodus-5C.local" time="0.002">
  <properties/>
  <testcase name="newRectangle_getsLength_2" classname="models.RectangleTest" time="0.001"/>
  <testcase name="newRectangle_getsWidth_4" classname="models.RectangleTest" time="0.0"/>
  <testcase name="newRectangle_instantiatesCorrectly" classname="models.RectangleTest" time="0.0"/>
  <system-out><![CDATA[]]></system-out>
  <system-err><![CDATA[]]></system-err>
</testsuite>
